194
92
47
197
44
162
167
119
72
191
86
88
135
55
157
172
114
91
126
150
165
159
166
199
57
43
15
136
103
186
58
46
153
141
82
180
196
81
156
50
170
128
143
138
160
181
26
140
118
188
74
100
70
132
176
73
64
60
99
49
79
61
106
198
34
121
56
53
127
104
80
3
85
177
169
145
117
173
45
183
124
193
96
90
89
151
174
116
67
69
142
18
84
154
94
66
195
113
152
115
71
148
185
130
37
122
163
178
146
83
175
65
78
107
192
131
12
189
54
111
48
144
184
125
87
200
63
93
75
158
133
42
59
19
149
164
52
105
14
171
129
182
97
147
134
41
95
108
6
68
11
161
187
110
33
112
40
10
51
102
22
168
2
101
137
123
190
139
76
30
98
8
27
21
25
31
35
5
