7
24
20
33
28
42
11
38
41
36
19
25
5
13
61
72
34
10
133
83
92
27
81
122
64
17
127
145
46
56
52
26
18
90
43
94
70
172
129
115
153
82
37
44
47
48
49
50
53
51
54
55
57
167
58
60
63
65
166
67
66
68
69
71
74
73
76
77
75
79
78
80
84
85
86
87
89
88
91
95
96
93
97
99
98
100
102
101
170
103
104
106
105
109
108
107
111
110
112
164
114
113
116
117
119
118
120
121
123
124
125
163
165
126
128
130
131
132
136
134
137
135
139
138
141
143
144
147
148
149
146
151
150
152
154
156
155
158
159
157
160
162
161
31
169
