17
11
29
81
109
79
61
133
41
56
176
156
155
106
28
83
178
102
24
2
113
62
200
38
171
95
51
185
114
124
198
49
125
5
80
100
35
40
20
183
153
75
50
168
66
105
179
42
10
119
15
122
193
149
73
110
182
180
58
52
158
128
140
69
9
26
154
85
44
94
45
112
74
82
123
173
96
1
13
188
148
72
7
152
142
165
162
196
131
181
6
132
141
130
87
65
90
53
76
60
48
116
111
166
99
186
115
197
169
70
98
36
177
30
167
101
39
22
89
92
57
97
8
129
3
150
117
136
46
67
32
170
139
151
146
189
121
93
187
175
91
137
134
160
54
4
159
199
195
120
55
143
145
147
192
190
37
164
104
14
68
18
63
16
161
172
21
174
107
