118
95
119
51
91
114
135
87
49
146
148
63
24
117
150
190
55
111
120
126
31
143
141
4
106
183
21
1
65
27
184
103
161
78
7
159
163
182
170
88
125
180
96
22
156
77
76
193
123
132
107
121
86
196
97
8
39
160
144
113
6
23
59
89
177
173
72
176
69
174
54
45
199
61
37
93
84
20
9
28
198
79
14
52
56
179
142
200
128
50
157
35
181
140
19
139
11
34
3
73
41
75
152
44
189
171
165
98
168
82
80
48
105
71
46
158
164
110
58
12
74
192
18
66
16
64
178
38
131
122
104
137
185
26
116
194
100
29
186
2
99
124
162
136
129
172
195
133
145
187
175
169
108
68
83
47
17
13
197
188
36
138
