16
184
127
176
158
180
84
130
59
146
188
174
51
126
37
163
76
110
20
26
102
79
122
118
125
159
137
167
46
155
78
87
177
57
169
11
96
192
132
133
196
124
77
92
142
75
69
143
13
74
8
131
71
119
22
45
17
113
34
23
198
4
18
109
175
115
19
66
171
145
103
105
93
189
168
27
21
199
157
182
185
193
172
150
7
54
106
89
61
134
49
12
38
99
64
165
68
154
121
70
67
14
9
156
25
60
101
39
181
48
173
98
1
82
86
108
114
183
152
153
194
191
117
31
141
29
170
58
164
151
47
62
97
162
42
72
147
50
112
190
128
178
41
195
5
161
28
